<?xml version="1.0" encoding="UTF-8"?>
<!-- Generated by org.testng.reporters.JUnitReportReporter -->
<testsuite hostname="Subham" failures="0" tests="1" name="computers.TC_DWS_006_Test" time="6.633" errors="0" timestamp="2024-12-20T16:57:32 IST" skipped="0">
  <testcase classname="computers.TC_DWS_006_Test" name="clickOnComputerLink" time="6.633"/>
  <system-out/>
</testsuite> <!-- computers.TC_DWS_006_Test -->
